0 silly argv {
0 silly argv   _: [ 'version' ],
0 silly argv   'force-publish': true,
0 silly argv   forcePublish: true,
0 silly argv   lernaVersion: '7.2.0',
0 silly argv   '$0': 'node_modules/lerna/dist/cli.js',
0 silly argv   bump: 'patch'
0 silly argv }
1 notice cli v7.2.0
2 verbose packageConfigs Resolving packages based on package.json "workspaces" configuration.
3 verbose rootPath /Users/crcn/Developer/open-source/paperclip
4 info current version 20.4.12
5 silly isAnythingCommitted
6 verbose isAnythingCommitted 1
7 silly getCurrentBranch
8 verbose currentBranch dev
9 silly remoteBranchExists
10 silly isBehindUpstream
11 silly isBehindUpstream dev is behind origin/dev by 0 commit(s) and ahead by 0
12 silly hasTags
13 verbose hasTags true
14 silly git-describe.sync "v20.4.11-0-g4b2ddef1-dirty" => {"lastTagName":"v20.4.11","lastVersion":"v20.4.11","refCount":"0","sha":"4b2ddef1","isDirty":true}
15 warn force-publish all packages
16 info Assuming all packages changed
17 verbose updated vscode-paperclip
18 verbose updated @paperclip-ui/core
19 verbose updated @paperclip-ui/designer
20 verbose updated @paperclip-ui/designer-rust
21 verbose updated @paperclip-ui/evaluator
22 verbose updated @paperclip-ui/common
23 verbose updated @paperclip-ui/cli
24 verbose updated paperclip-loader
25 verbose updated @paperclip-ui/parser
26 verbose updated @paperclip-ui/proto
27 verbose updated @paperclip-ui/releases
28 verbose updated @paperclip-ui/web-renderer
29 verbose updated @paperclip-ui/workspace
30 info execute Skipping releases
31 silly lifecycle No script for "preversion" in "paperclip", continuing
32 warn ECYCLE Dependency cycles detected, you should fix these!
32 warn ECYCLE @paperclip-ui/designer -> @paperclip-ui/workspace -> @paperclip-ui/designer
33 silly lifecycle No script for "preversion" in "@paperclip-ui/designer-rust", continuing
34 silly lifecycle No script for "preversion" in "@paperclip-ui/common", continuing
35 silly lifecycle No script for "preversion" in "paperclip-loader", continuing
36 silly lifecycle No script for "preversion" in "@paperclip-ui/releases", continuing
37 verbose version @paperclip-ui/common has no lockfile. Skipping lockfile update.
38 verbose version paperclip-loader has no lockfile. Skipping lockfile update.
39 verbose version @paperclip-ui/designer-rust has no lockfile. Skipping lockfile update.
40 verbose version @paperclip-ui/releases has no lockfile. Skipping lockfile update.
41 silly lifecycle No script for "version" in "@paperclip-ui/releases", continuing
42 silly lifecycle No script for "preversion" in "@paperclip-ui/cli", continuing
43 silly lifecycle No script for "version" in "@paperclip-ui/common", continuing
44 silly lifecycle No script for "preversion" in "@paperclip-ui/proto", continuing
45 silly lifecycle No script for "version" in "@paperclip-ui/designer-rust", continuing
46 verbose version @paperclip-ui/cli has no lockfile. Skipping lockfile update.
47 verbose version @paperclip-ui/proto has no lockfile. Skipping lockfile update.
48 silly lifecycle No script for "version" in "paperclip-loader", continuing
49 silly lifecycle No script for "version" in "@paperclip-ui/proto", continuing
50 silly lifecycle No script for "preversion" in "vscode-paperclip", continuing
51 silly lifecycle No script for "preversion" in "@paperclip-ui/core", continuing
52 silly lifecycle No script for "preversion" in "@paperclip-ui/evaluator", continuing
53 silly lifecycle No script for "preversion" in "@paperclip-ui/parser", continuing
54 silly lifecycle No script for "preversion" in "@paperclip-ui/web-renderer", continuing
55 silly lifecycle No script for "version" in "@paperclip-ui/cli", continuing
56 verbose version @paperclip-ui/evaluator has no lockfile. Skipping lockfile update.
57 verbose version @paperclip-ui/core has no lockfile. Skipping lockfile update.
58 verbose version @paperclip-ui/parser has no lockfile. Skipping lockfile update.
59 verbose version @paperclip-ui/web-renderer has no lockfile. Skipping lockfile update.
60 silly lifecycle No script for "version" in "vscode-paperclip", continuing
61 silly lifecycle No script for "version" in "@paperclip-ui/evaluator", continuing
62 silly lifecycle No script for "version" in "@paperclip-ui/web-renderer", continuing
63 silly lifecycle No script for "version" in "@paperclip-ui/core", continuing
64 silly lifecycle No script for "version" in "@paperclip-ui/parser", continuing
65 silly lifecycle No script for "preversion" in "@paperclip-ui/designer", continuing
66 silly lifecycle No script for "preversion" in "@paperclip-ui/workspace", continuing
67 verbose version @paperclip-ui/designer has no lockfile. Skipping lockfile update.
68 verbose version @paperclip-ui/workspace has no lockfile. Skipping lockfile update.
69 silly lifecycle No script for "version" in "@paperclip-ui/workspace", continuing
70 silly lifecycle No script for "version" in "@paperclip-ui/designer", continuing
71 verbose version Detected yarn version 3.2.0
72 verbose version Updating root yarn.lock
73 silly lifecycle No script for "version" in "paperclip", continuing
74 silly version Successfully applied prettier to updated file: libs/releases/package.json
75 silly version Successfully applied prettier to updated file: libs/js-common/package.json
76 silly version Successfully applied prettier to updated file: libs/designer-rust/package.json
77 silly version Successfully applied prettier to updated file: libs/paperclip-loader/package.json
78 silly version Successfully applied prettier to updated file: libs/proto/package.json
79 silly version Successfully applied prettier to updated file: libs/node-cli/package.json
80 silly version Successfully applied prettier to updated file: integrations/vscode/package.json
81 silly version Successfully applied prettier to updated file: integrations/vscode/package-lock.json
82 silly version Successfully applied prettier to updated file: libs/evaluator/package.json
83 silly version Successfully applied prettier to updated file: libs/web-renderer/package.json
84 silly version Successfully applied prettier to updated file: libs/core/package.json
85 silly version Successfully applied prettier to updated file: libs/parser/package.json
86 silly version Successfully applied prettier to updated file: libs/workspace/package.json
87 silly version Successfully applied prettier to updated file: libs/designer/package.json
88 silly version Successfully applied prettier to updated file: lerna.json
89 silly version Failed to apply prettier to updated file: yarn.lock
90 silly gitAdd [
90 silly gitAdd   'libs/releases/package.json',
90 silly gitAdd   'libs/js-common/package.json',
90 silly gitAdd   'libs/designer-rust/package.json',
90 silly gitAdd   'libs/paperclip-loader/package.json',
90 silly gitAdd   'libs/proto/package.json',
90 silly gitAdd   'libs/node-cli/package.json',
90 silly gitAdd   'integrations/vscode/package.json',
90 silly gitAdd   'integrations/vscode/package-lock.json',
90 silly gitAdd   'libs/evaluator/package.json',
90 silly gitAdd   'libs/web-renderer/package.json',
90 silly gitAdd   'libs/core/package.json',
90 silly gitAdd   'libs/parser/package.json',
90 silly gitAdd   'libs/workspace/package.json',
90 silly gitAdd   'libs/designer/package.json',
90 silly gitAdd   'lerna.json',
90 silly gitAdd   'yarn.lock'
90 silly gitAdd ]
91 silly gitCommit v20.4.13
92 verbose git [ 'commit', '-m', 'v20.4.13' ]
93 error Error: Command failed with exit code 1: git commit -m v20.4.13
93 error .husky/pre-commit: line 2: .husky/_/husky.sh: No such file or directory
93 error     at makeError (/Users/crcn/Developer/open-source/paperclip/node_modules/execa/lib/error.js:60:11)
93 error     at handlePromise (/Users/crcn/Developer/open-source/paperclip/node_modules/execa/index.js:118:26)
93 error     at process.processTicksAndRejections (node:internal/process/task_queues:95:5)
93 error     at async VersionCommand.gitCommitAndTagVersion (/Users/crcn/Developer/open-source/paperclip/node_modules/lerna/dist/index.js:8315:11)
93 error     at async VersionCommand.commitAndTagUpdates (/Users/crcn/Developer/open-source/paperclip/node_modules/lerna/dist/index.js:8287:18)
93 error     at async Promise.all (index 0)
