Arguments: 
  /usr/local/bin/node /Users/crcn/Developer/private/tandem3/packages/common/.yarn/releases/yarn-1.22.18.cjs set version 3.x

PATH: 
  /Library/Frameworks/Python.framework/Versions/3.7/bin:/Library/Frameworks/Python.framework/Versions/3.9/bin:/usr/local/bin:/usr/bin:/bin:/usr/sbin:/sbin:/Users/crcn/.pyenv/bin:/usr/local/munki:/Users/crcn/.cargo/bin

Yarn version: 
  1.22.18

Node version: 
  16.13.1

Platform: 
  darwin x64

Trace: 
  Error: Release not found: 3.x
      at /Users/crcn/Developer/private/tandem3/packages/common/.yarn/releases/yarn-1.22.18.cjs:94376:17
      at Generator.next (<anonymous>)
      at step (/Users/crcn/Developer/private/tandem3/packages/common/.yarn/releases/yarn-1.22.18.cjs:310:30)
      at /Users/crcn/Developer/private/tandem3/packages/common/.yarn/releases/yarn-1.22.18.cjs:321:13
      at processTicksAndRejections (node:internal/process/task_queues:96:5)

npm manifest: 
  {
    "name": "tandem-common",
    "version": "10.1.33",
    "description": "",
    "main": "index.js",
    "scripts": {
      "test": "echo \"\"",
      "build": "tsc",
      "clean": "rm -rf lib && rm -rf node_modules",
      "prepare": "npm run build",
      "build:watch": "tsc --watch"
    },
    "author": "",
    "license": "ISC",
    "dependencies": {
      "crc32": "^0.2.2",
      "lodash": "^4.17.10",
      "lru-cache": "^4.1.3",
      "xml-js": "^1.6.4"
    },
    "devDependencies": {
      "@types/node": "^10.1.2",
      "husky": "^0.14.3",
      "lint-staged": "^7.1.2",
      "typescript": "4.6.4"
    },
    "gitHead": "62ff73f435d5ddc97b8ff23b2356ed36f69c1486"
  }

yarn manifest: 
  No manifest

Lockfile: 
  No lockfile
